❯ sudo nixos-rebuild switch --flake .#blackmesa
[sudo] password for ferro:
building the system configuration...
Checking switch inhibitors... done
stopping the following units: kmod-static-nodes.service, logrotate-checkconf.service, network-setup.service, NetworkManager.service, nscd.service, resolvconf.service, systemd-modules-load.service, systemd-oomd.service, systemd-oomd.socket, systemd-sysctl.service, systemd-timesyncd.service, systemd-vconsole-setup.service
NOT restarting the following changed units: getty@tty1.service, systemd-fsck@dev-disk-by\x2duuid-DB85\x2dAE55.service, systemd-journal-flush.service, systemd-logind.service, systemd-random-seed.service, systemd-remount-fs.service, systemd-update-utmp.service, systemd-user-sessions.service, user-runtime-dir@1000.service, user@1000.service
activating the configuration...
reviving group 'gamemode' with GID 994
reviving group 'podman' with GID 993
reviving group 'rtkit' with GID 992
reviving group 'sshd' with GID 991
removing group ‘resolvconf’
reviving user 'rtkit' with UID 996
reviving user 'sshd' with UID 995
setting up /etc...
warning: /root/.nix-defexpr/channels exists, but channels have been disabled.
warning: /nix/var/nix/profiles/per-user/root/channels exists, but channels have been disabled.
warning: /root/.nix-defexpr/channels exists, but channels have been disabled.
Due to https://github.com/NixOS/nix/issues/9574, Nix may still use these channels when NIX_PATH is unset.
Delete the above directory or directories to prevent this.
restarting systemd...
reloading user units for ferro...
stopping the following user units: gvfs-daemon.service, pipewire-pulse.service, pipewire-pulse.socket, pipewire.service, pipewire.socket, wireplumber.service, xdg-desktop-portal-hyprland.service, xdg-desktop-portal.service, xdg-document-portal.service, xdg-permission-store.service
NOT restarting the following user units: systemd-tmpfiles-setup.service
reloading the following user units: dbus.service
starting the following user units: gvfs-daemon.service, pipewire-pulse.socket, pipewire.socket, wireplumber.service, xdg-desktop-portal-hyprland.service, xdg-desktop-portal.service, xdg-document-portal.service, xdg-permission-store.service
Failed to reload user unit dbus-broker.service
warning: the following user units failed: dbus-broker.service
See `systemctl --user status dbus-broker.service` for details.
warning: user activation for ferro failed
restarting sysinit-reactivation.target
reloading the following units: dbus.service, firewall.service, reload-systemd-vconsole-setup.service
restarting the following units: nix-daemon.service, polkit.service, systemd-journald.service, systemd-udevd.service
starting the following units: kmod-static-nodes.service, logrotate-checkconf.service, NetworkManager.service, nscd.service, systemd-modules-load.service, systemd-oomd.socket, systemd-sysctl.service, systemd-timesyncd.service, systemd-vconsole-setup.service
Failed to reload dbus-broker.service
the following new units were started: acpid.service, bluetooth.service, dbus-broker.service, docker-prune.timer, docker.service, docker.socket, network-online.target, NetworkManager-dispatcher.service, NetworkManager-wait-online.service, nix-gc.timer, nix-optimise.timer, podman.socket, polkit-agent-helper.socket, post-boot.service, sshd-unix-local.socket, sshd.service, sys-devices-virtual-net-docker0.device, sys-subsystem-net-devices-docker0.device, sysinit-reactivation.target, system-systemd\x2dcoredump.slice, systemd-hostnamed.service, systemd-journalctl.socket, systemd-resolved.service, systemd-tmpfiles-resetup.service
warning: the following units failed: home-manager-ferro.service
× home-manager-ferro.service - Home Manager environment for ferro
     Loaded: loaded (/etc/systemd/system/home-manager-ferro.service; enabled; preset: ignored)
     Active: failed (Result: exit-code) since Fri 2026-05-15 00:58:30 CEST; 6s ago
 Invocation: bf164f5bee7446b7885b40eb024439e4
    Process: 23464 ExecStart=/nix/store/wzc6y7xbcb6n0xynw46yvr1b7zpzalrk-hm-setup-env /nix/store/mz4ibsxrpgws9b62nfr67hzy7pv0w37a-home-manager-generation (code=exited, status=1/FAILURE)
   Main PID: 23464 (code=exited, status=1/FAILURE)
         IP: 0B in, 0B out
         IO: 5.4M read, 0B written
   Mem peak: 21.4M
        CPU: 114ms

mag 15 00:58:30 blackmesa hm-activate-ferro[23653]: - When used as a NixOS or nix-darwin module, set either
mag 15 00:58:30 blackmesa hm-activate-ferro[23653]:   - 'home-manager.backupFileExtension', or
mag 15 00:58:30 blackmesa hm-activate-ferro[23653]:   - 'home-manager.backupCommand',
mag 15 00:58:30 blackmesa hm-activate-ferro[23653]:   to move the file to a new location in the same directory, or run a custom command.
mag 15 00:58:30 blackmesa hm-activate-ferro[23653]: - Set 'force = true' on the related file options to forcefully overwrite the files below. eg. 'xdg.configFile."mimeapps.list".force = true'
mag 15 00:58:30 blackmesa hm-activate-ferro[23653]: Existing file '/home/ferro/.config/mozilla/firefox/profiles.ini' would be clobbered
mag 15 00:58:30 blackmesa systemd[1]: home-manager-ferro.service: Main process exited, code=exited, status=1/FAILURE
mag 15 00:58:30 blackmesa systemd[1]: home-manager-ferro.service: Failed with result 'exit-code'.
mag 15 00:58:30 blackmesa systemd[1]: Failed to start Home Manager environment for ferro.
mag 15 00:58:30 blackmesa systemd[1]: home-manager-ferro.service: Consumed 114ms CPU time over 205ms wall clock time, 21.4M memory peak, 5.4M read from disk.
Command 'systemd-run -E LOCALE_ARCHIVE -E NIXOS_INSTALL_BOOTLOADER -E NIXOS_NO_CHECK --collect --no-ask-password --pipe --quiet --service-type=exec --unit=nixos-rebuild-switch-to-configuration /nix/store/8wlina39xzx3z2mikd6sj3fakw7lf9y7-nixos-system-blackmesa-26.05.20260510.da5ad66/bin/switch-to-configuration switch' returned non-zero exit status 4.
